<?xml version="1.0" encoding="UTF-8"?>
<con:soapui-project id="8b18181d-b646-4306-ad0d-0721e23722b1" activeEnvironment="Default" name="test_spellservice_soap" resourceRoot="" soapui-version="5.6.0" abortOnError="false" runType="SEQUENTIAL" xmlns:con="http://eviware.com/soapui/config"><con:settings/><con:interface xsi:type="con:WsdlInterface" id="fe3f9197-0dfc-4da6-af1d-6991c7fe5de2" wsaVersion="NONE" name="SpellServiceSoap" type="wsdl" bindingName="{http://speller.yandex.net/services/spellservice}SpellServiceSoap" soapVersion="1_1" anonymous="optional" definition="file:/C:/Users/Stepan/Downloads/spellservice.xml" xmlns:xsi="http://www.w3.org/2001/XMLSchema-instance"><con:settings/><con:definitionCache type="TEXT" rootPart="file:/C:/Users/Stepan/Downloads/spellservice.xml"><con:part><con:url>file:/C:/Users/Stepan/Downloads/spellservice.xml</con:url><con:content><![CDATA[<wsdl:definitions targetNamespace="http://speller.yandex.net/services/spellservice" xmlns:soap="http://schemas.xmlsoap.org/wsdl/soap/" xmlns:tns="http://speller.yandex.net/services/spellservice" xmlns:s="http://www.w3.org/2001/XMLSchema" xmlns:soap12="http://schemas.xmlsoap.org/wsdl/soap12/" xmlns:http="http://schemas.xmlsoap.org/wsdl/http/" xmlns:wsdl="http://schemas.xmlsoap.org/wsdl/">
  <wsdl:types>
    <s:schema elementFormDefault="qualified" targetNamespace="http://speller.yandex.net/services/spellservice">
      <s:element name="CheckTextRequest">
        <s:complexType>
          <s:sequence>
            <s:element minOccurs="1" maxOccurs="1" name="text" type="s:string"/>
          </s:sequence>
          <s:attribute name="lang" type="s:string"/>
          <s:attribute name="options" type="s:int" use="optional" default="0"/>
          <s:attribute name="format" type="s:string" use="optional" default=""/>
        </s:complexType>
      </s:element>
      <s:element name="CheckTextResponse">
        <s:complexType>
          <s:sequence>
            <s:element minOccurs="1" maxOccurs="1" name="SpellResult" type="tns:SpellResult"/>
          </s:sequence>
        </s:complexType>
      </s:element>
      <s:complexType name="SpellResult">
        <s:sequence>
          <s:element minOccurs="0" maxOccurs="unbounded" name="error" type="tns:SpellError"/>
        </s:sequence>
      </s:complexType>
      <s:complexType name="SpellError">
        <s:sequence>
          <s:element minOccurs="1" maxOccurs="1" name="word" type="s:string"/>
          <s:element minOccurs="0" maxOccurs="unbounded" name="s" type="s:string"/>
        </s:sequence>
        <s:attribute name="code" type="s:int" use="required"/>
        <s:attribute name="pos" type="s:int" use="required"/>
        <s:attribute name="row" type="s:int" use="required"/>
        <s:attribute name="col" type="s:int" use="required"/>
        <s:attribute name="len" type="s:int" use="required"/>
      </s:complexType>
      <s:element name="CheckTextsRequest">
        <s:complexType>
          <s:sequence>
            <s:element minOccurs="0" maxOccurs="unbounded" name="text" type="s:string"/>
          </s:sequence>
          <s:attribute name="lang" type="s:string"/>
          <s:attribute name="options" type="s:int" use="optional" default="0"/>
          <s:attribute name="format" type="s:string" use="optional" default=""/>
        </s:complexType>
      </s:element>
      <s:element name="CheckTextsResponse">
        <s:complexType>
          <s:sequence>
            <s:element minOccurs="1" maxOccurs="1" name="ArrayOfSpellResult" type="tns:ArrayOfSpellResult"/>
          </s:sequence>
        </s:complexType>
      </s:element>
      <s:complexType name="ArrayOfSpellResult">
        <s:sequence>
          <s:element minOccurs="0" maxOccurs="unbounded" name="SpellResult" type="tns:SpellResult"/>
        </s:sequence>
      </s:complexType>
    </s:schema>
  </wsdl:types>
  <wsdl:message name="checkTextSoapIn">
    <wsdl:part name="parameters" element="tns:CheckTextRequest"/>
  </wsdl:message>
  <wsdl:message name="checkTextSoapOut">
    <wsdl:part name="parameters" element="tns:CheckTextResponse"/>
  </wsdl:message>
  <wsdl:message name="checkTextsSoapIn">
    <wsdl:part name="parameters" element="tns:CheckTextsRequest"/>
  </wsdl:message>
  <wsdl:message name="checkTextsSoapOut">
    <wsdl:part name="parameters" element="tns:CheckTextsResponse"/>
  </wsdl:message>
  <wsdl:portType name="SpellServiceSoap">
    <wsdl:operation name="checkText">
      <wsdl:input message="tns:checkTextSoapIn"/>
      <wsdl:output message="tns:checkTextSoapOut"/>
    </wsdl:operation>
    <wsdl:operation name="checkTexts">
      <wsdl:input message="tns:checkTextsSoapIn"/>
      <wsdl:output message="tns:checkTextsSoapOut"/>
    </wsdl:operation>
  </wsdl:portType>
  <wsdl:binding name="SpellServiceSoap" type="tns:SpellServiceSoap">
    <soap:binding transport="http://schemas.xmlsoap.org/soap/http"/>
    <wsdl:operation name="checkText">
      <soap:operation soapAction="http://speller.yandex.net/services/spellservice/checkText" style="document"/>
      <wsdl:input>
        <soap:body use="literal"/>
      </wsdl:input>
      <wsdl:output>
        <soap:body use="literal"/>
      </wsdl:output>
    </wsdl:operation>
    <wsdl:operation name="checkTexts">
      <soap:operation soapAction="http://speller.yandex.net/services/spellservice/checkTexts" style="document"/>
      <wsdl:input>
        <soap:body use="literal"/>
      </wsdl:input>
      <wsdl:output>
        <soap:body use="literal"/>
      </wsdl:output>
    </wsdl:operation>
  </wsdl:binding>
  <wsdl:binding name="SpellServiceSoap12" type="tns:SpellServiceSoap">
    <soap12:binding transport="http://schemas.xmlsoap.org/soap/http"/>
    <wsdl:operation name="checkText">
      <soap12:operation soapAction="http://speller.yandex.net/services/spellservice/checkText" style="document"/>
      <wsdl:input>
        <soap12:body use="literal"/>
      </wsdl:input>
      <wsdl:output>
        <soap12:body use="literal"/>
      </wsdl:output>
    </wsdl:operation>
    <wsdl:operation name="checkTexts">
      <soap12:operation soapAction="http://speller.yandex.net/services/spellservice/checkTexts" style="document"/>
      <wsdl:input>
        <soap12:body use="literal"/>
      </wsdl:input>
      <wsdl:output>
        <soap12:body use="literal"/>
      </wsdl:output>
    </wsdl:operation>
  </wsdl:binding>
  <wsdl:service name="SpellService">
    <wsdl:port name="SpellServiceSoap" binding="tns:SpellServiceSoap">
      <soap:address location="http://speller.yandex.net/services/spellservice"/>
    </wsdl:port>
    <wsdl:port name="SpellServiceSoap12" binding="tns:SpellServiceSoap12">
      <soap12:address location="http://speller.yandex.net/services/spellservice"/>
    </wsdl:port>
  </wsdl:service>
</wsdl:definitions>]]></con:content><con:type>http://schemas.xmlsoap.org/wsdl/</con:type></con:part></con:definitionCache><con:endpoints><con:endpoint>http://speller.yandex.net/services/spellservice</con:endpoint></con:endpoints><con:operation id="2046ae90-ddea-49ec-8ba1-b1b2a982f287" isOneWay="false" action="http://speller.yandex.net/services/spellservice/checkText" name="checkText" bindingOperationName="checkText" type="Request-Response" inputName="" receivesAttachments="false" sendsAttachments="false" anonymous="optional"><con:settings/><con:call id="83795876-b982-46c6-ae98-5dbb4f9b5c31" name="Request 1"><con:settings/><con:encoding>UTF-8</con:encoding><con:endpoint>http://speller.yandex.net/services/spellservice</con:endpoint><con:request><![CDATA[<soapenv:Envelope xmlns:soapenv="http://schemas.xmlsoap.org/soap/envelope/" xmlns:spel="http://speller.yandex.net/services/spellservice">\r
   <soapenv:Header/>\r
   <soapenv:Body>\r
      <spel:CheckTextRequest lang="?" options="0" format="">\r
         <spel:text>?</spel:text>\r
      </spel:CheckTextRequest>\r
   </soapenv:Body>\r
</soapenv:Envelope>]]></con:request><con:credentials><con:authType>No Authorization</con:authType></con:credentials><con:jmsConfig JMSDeliveryMode="PERSISTENT"/><con:jmsPropertyConfig/><con:wsaConfig mustUnderstand="NONE" version="200508" action="http://speller.yandex.net/services/spellservice/checkText"/><con:wsrmConfig version="1.2"/></con:call></con:operation><con:operation id="ae989379-7dcd-4400-bd00-7fdb9656e8e9" isOneWay="false" action="http://speller.yandex.net/services/spellservice/checkTexts" name="checkTexts" bindingOperationName="checkTexts" type="Request-Response" inputName="" receivesAttachments="false" sendsAttachments="false" anonymous="optional"><con:settings/><con:call id="062d6248-5f69-40e5-b60c-b387451c5ca0" name="Request 1"><con:settings/><con:encoding>UTF-8</con:encoding><con:endpoint>http://speller.yandex.net/services/spellservice</con:endpoint><con:request><![CDATA[<soapenv:Envelope xmlns:soapenv="http://schemas.xmlsoap.org/soap/envelope/" xmlns:spel="http://speller.yandex.net/services/spellservice">\r
   <soapenv:Header/>\r
   <soapenv:Body>\r
      <spel:CheckTextsRequest lang="?" options="0" format="">\r
         <!--Zero or more repetitions:-->\r
         <spel:text>?</spel:text>\r
      </spel:CheckTextsRequest>\r
   </soapenv:Body>\r
</soapenv:Envelope>]]></con:request><con:credentials><con:authType>No Authorization</con:authType></con:credentials><con:jmsConfig JMSDeliveryMode="PERSISTENT"/><con:jmsPropertyConfig/><con:wsaConfig mustUnderstand="NONE" version="200508" action="http://speller.yandex.net/services/spellservice/checkTexts"/><con:wsrmConfig version="1.2"/></con:call></con:operation></con:interface><con:interface xsi:type="con:WsdlInterface" id="27db8596-16f5-4e4d-8f33-045efed90b6b" wsaVersion="NONE" name="SpellServiceSoap12" type="wsdl" bindingName="{http://speller.yandex.net/services/spellservice}SpellServiceSoap12" soapVersion="1_2" anonymous="optional" definition="file:/C:/Users/Stepan/Downloads/spellservice.xml" xmlns:xsi="http://www.w3.org/2001/XMLSchema-instance"><con:settings/><con:definitionCache type="TEXT" rootPart="file:\C:\Users\Stepan\Downloads\spellservice.xml"><con:part><con:url>file:\C:\Users\Stepan\Downloads\spellservice.xml</con:url><con:content><![CDATA[<wsdl:definitions targetNamespace="http://speller.yandex.net/services/spellservice" xmlns:soap="http://schemas.xmlsoap.org/wsdl/soap/" xmlns:tns="http://speller.yandex.net/services/spellservice" xmlns:s="http://www.w3.org/2001/XMLSchema" xmlns:soap12="http://schemas.xmlsoap.org/wsdl/soap12/" xmlns:http="http://schemas.xmlsoap.org/wsdl/http/" xmlns:wsdl="http://schemas.xmlsoap.org/wsdl/">
  <wsdl:types>
    <s:schema elementFormDefault="qualified" targetNamespace="http://speller.yandex.net/services/spellservice">
      <s:element name="CheckTextRequest">
        <s:complexType>
          <s:sequence>
            <s:element minOccurs="1" maxOccurs="1" name="text" type="s:string"/>
          </s:sequence>
          <s:attribute name="lang" type="s:string"/>
          <s:attribute name="options" type="s:int" use="optional" default="0"/>
          <s:attribute name="format" type="s:string" use="optional" default=""/>
        </s:complexType>
      </s:element>
      <s:element name="CheckTextResponse">
        <s:complexType>
          <s:sequence>
            <s:element minOccurs="1" maxOccurs="1" name="SpellResult" type="tns:SpellResult"/>
          </s:sequence>
        </s:complexType>
      </s:element>
      <s:complexType name="SpellResult">
        <s:sequence>
          <s:element minOccurs="0" maxOccurs="unbounded" name="error" type="tns:SpellError"/>
        </s:sequence>
      </s:complexType>
      <s:complexType name="SpellError">
        <s:sequence>
          <s:element minOccurs="1" maxOccurs="1" name="word" type="s:string"/>
          <s:element minOccurs="0" maxOccurs="unbounded" name="s" type="s:string"/>
        </s:sequence>
        <s:attribute name="code" type="s:int" use="required"/>
        <s:attribute name="pos" type="s:int" use="required"/>
        <s:attribute name="row" type="s:int" use="required"/>
        <s:attribute name="col" type="s:int" use="required"/>
        <s:attribute name="len" type="s:int" use="required"/>
      </s:complexType>
      <s:element name="CheckTextsRequest">
        <s:complexType>
          <s:sequence>
            <s:element minOccurs="0" maxOccurs="unbounded" name="text" type="s:string"/>
          </s:sequence>
          <s:attribute name="lang" type="s:string"/>
          <s:attribute name="options" type="s:int" use="optional" default="0"/>
          <s:attribute name="format" type="s:string" use="optional" default=""/>
        </s:complexType>
      </s:element>
      <s:element name="CheckTextsResponse">
        <s:complexType>
          <s:sequence>
            <s:element minOccurs="1" maxOccurs="1" name="ArrayOfSpellResult" type="tns:ArrayOfSpellResult"/>
          </s:sequence>
        </s:complexType>
      </s:element>
      <s:complexType name="ArrayOfSpellResult">
        <s:sequence>
          <s:element minOccurs="0" maxOccurs="unbounded" name="SpellResult" type="tns:SpellResult"/>
        </s:sequence>
      </s:complexType>
    </s:schema>
  </wsdl:types>
  <wsdl:message name="checkTextSoapIn">
    <wsdl:part name="parameters" element="tns:CheckTextRequest"/>
  </wsdl:message>
  <wsdl:message name="checkTextSoapOut">
    <wsdl:part name="parameters" element="tns:CheckTextResponse"/>
  </wsdl:message>
  <wsdl:message name="checkTextsSoapIn">
    <wsdl:part name="parameters" element="tns:CheckTextsRequest"/>
  </wsdl:message>
  <wsdl:message name="checkTextsSoapOut">
    <wsdl:part name="parameters" element="tns:CheckTextsResponse"/>
  </wsdl:message>
  <wsdl:portType name="SpellServiceSoap">
    <wsdl:operation name="checkText">
      <wsdl:input message="tns:checkTextSoapIn"/>
      <wsdl:output message="tns:checkTextSoapOut"/>
    </wsdl:operation>
    <wsdl:operation name="checkTexts">
      <wsdl:input message="tns:checkTextsSoapIn"/>
      <wsdl:output message="tns:checkTextsSoapOut"/>
    </wsdl:operation>
  </wsdl:portType>
  <wsdl:binding name="SpellServiceSoap" type="tns:SpellServiceSoap">
    <soap:binding transport="http://schemas.xmlsoap.org/soap/http"/>
    <wsdl:operation name="checkText">
      <soap:operation soapAction="http://speller.yandex.net/services/spellservice/checkText" style="document"/>
      <wsdl:input>
        <soap:body use="literal"/>
      </wsdl:input>
      <wsdl:output>
        <soap:body use="literal"/>
      </wsdl:output>
    </wsdl:operation>
    <wsdl:operation name="checkTexts">
      <soap:operation soapAction="http://speller.yandex.net/services/spellservice/checkTexts" style="document"/>
      <wsdl:input>
        <soap:body use="literal"/>
      </wsdl:input>
      <wsdl:output>
        <soap:body use="literal"/>
      </wsdl:output>
    </wsdl:operation>
  </wsdl:binding>
  <wsdl:binding name="SpellServiceSoap12" type="tns:SpellServiceSoap">
    <soap12:binding transport="http://schemas.xmlsoap.org/soap/http"/>
    <wsdl:operation name="checkText">
      <soap12:operation soapAction="http://speller.yandex.net/services/spellservice/checkText" style="document"/>
      <wsdl:input>
        <soap12:body use="literal"/>
      </wsdl:input>
      <wsdl:output>
        <soap12:body use="literal"/>
      </wsdl:output>
    </wsdl:operation>
    <wsdl:operation name="checkTexts">
      <soap12:operation soapAction="http://speller.yandex.net/services/spellservice/checkTexts" style="document"/>
      <wsdl:input>
        <soap12:body use="literal"/>
      </wsdl:input>
      <wsdl:output>
        <soap12:body use="literal"/>
      </wsdl:output>
    </wsdl:operation>
  </wsdl:binding>
  <wsdl:service name="SpellService">
    <wsdl:port name="SpellServiceSoap" binding="tns:SpellServiceSoap">
      <soap:address location="http://speller.yandex.net/services/spellservice"/>
    </wsdl:port>
    <wsdl:port name="SpellServiceSoap12" binding="tns:SpellServiceSoap12">
      <soap12:address location="http://speller.yandex.net/services/spellservice"/>
    </wsdl:port>
  </wsdl:service>
</wsdl:definitions>]]></con:content><con:type>http://schemas.xmlsoap.org/wsdl/</con:type></con:part></con:definitionCache><con:endpoints><con:endpoint>http://speller.yandex.net/services/spellservice</con:endpoint></con:endpoints><con:operation id="e062bd2c-64aa-42fa-a6fc-9fcccd7352fe" isOneWay="false" action="http://speller.yandex.net/services/spellservice/checkText" name="checkText" bindingOperationName="checkText" type="Request-Response" inputName="" receivesAttachments="false" sendsAttachments="false" anonymous="optional"><con:settings/><con:call id="ec6eafba-8e24-4936-a8c4-04e9d5213dc6" name="Request 1"><con:settings/><con:encoding>UTF-8</con:encoding><con:endpoint>http://speller.yandex.net/services/spellservice</con:endpoint><con:request><![CDATA[<soap:Envelope xmlns:soap="http://www.w3.org/2003/05/soap-envelope" xmlns:spel="http://speller.yandex.net/services/spellservice">\r
   <soap:Header/>\r
   <soap:Body>\r
      <spel:CheckTextRequest lang="?" options="0" format="">\r
         <spel:text>?</spel:text>\r
      </spel:CheckTextRequest>\r
   </soap:Body>\r
</soap:Envelope>]]></con:request><con:credentials><con:authType>No Authorization</con:authType></con:credentials><con:jmsConfig JMSDeliveryMode="PERSISTENT"/><con:jmsPropertyConfig/><con:wsaConfig mustUnderstand="NONE" version="200508" action="http://speller.yandex.net/services/spellservice/SpellServiceSoap/checkTextRequest"/><con:wsrmConfig version="1.2"/></con:call></con:operation><con:operation id="d7e1356c-3bfc-4194-b138-9871a31df718" isOneWay="false" action="http://speller.yandex.net/services/spellservice/checkTexts" name="checkTexts" bindingOperationName="checkTexts" type="Request-Response" inputName="" receivesAttachments="false" sendsAttachments="false" anonymous="optional"><con:settings/><con:call id="a4254fba-5a22-44e3-8cf4-bfd020a708f8" name="Request 1"><con:settings/><con:encoding>UTF-8</con:encoding><con:endpoint>http://speller.yandex.net/services/spellservice</con:endpoint><con:request><![CDATA[<soap:Envelope xmlns:soap="http://www.w3.org/2003/05/soap-envelope" xmlns:spel="http://speller.yandex.net/services/spellservice">\r
   <soap:Header/>\r
   <soap:Body>\r
      <spel:CheckTextsRequest lang="?" options="0" format="">\r
         <!--Zero or more repetitions:-->\r
         <spel:text>?</spel:text>\r
      </spel:CheckTextsRequest>\r
   </soap:Body>\r
</soap:Envelope>]]></con:request><con:wsaConfig mustUnderstand="NONE" version="200508" action="http://speller.yandex.net/services/spellservice/SpellServiceSoap/checkTextsRequest"/></con:call></con:operation></con:interface><con:testSuite id="cd141e38-af26-4a12-b002-74477aec0546" name="spellservice_test_suite"><con:settings/><con:runType>SEQUENTIAL</con:runType><con:testCase id="ed08924f-9f8d-4632-8a8a-e79a80b027b3" failOnError="true" failTestCaseOnErrors="true" keepSession="false" maxResults="0" name="Should process request with typos" searchProperties="true"><con:settings/><con:testStep type="request" name="Request with one typo" id="21481b27-bf3d-462a-bdca-fd1ddfa8578c"><con:settings/><con:config xsi:type="con:RequestStep" xmlns:xsi="http://www.w3.org/2001/XMLSchema-instance"><con:interface>SpellServiceSoap</con:interface><con:operation>checkText</con:operation><con:request name="Request with one typo" id="8b3609a8-63bd-4086-87bf-914f41565320"><con:settings><con:setting id="com.eviware.soapui.impl.wsdl.WsdlRequest@request-headers">&lt;xml-fragment/></con:setting></con:settings><con:encoding>UTF-8</con:encoding><con:endpoint>http://speller.yandex.net/services/spellservice</con:endpoint><con:request><![CDATA[<soapenv:Envelope xmlns:soapenv="http://schemas.xmlsoap.org/soap/envelope/" xmlns:spel="http://speller.yandex.net/services/spellservice">
   <soapenv:Header/>
   <soapenv:Body>
      <spel:CheckTextRequest lang="en" options="0" format="plain">
         <spel:text>typs ar not wht they seem</spel:text>
      </spel:CheckTextRequest>
   </soapenv:Body>
</soapenv:Envelope>]]></con:request><con:assertion type="SOAP Response" id="a5776eaa-82ab-4555-b8d4-aa66fc866d49"/><con:assertion type="Simple Contains" id="6e6ea8a0-aee4-4bef-a290-a07c2d7b9ad8" name="Contains"><con:configuration><token><![CDATA[            <error code="1" pos="0" row="0" col="0" len="4">
               <word>typs</word>
               <s>types</s>
               <s>tips</s>
            </error>
            <error code="1" pos="5" row="0" col="5" len="2">
               <word>ar</word>
               <s>are</s>
            </error>
            <error code="1" pos="12" row="0" col="12" len="3">
               <word>wht</word>
               <s>what</s>
               <s>why</s>
               <s>who</s>
               <s>when</s>
            </error>
         </SpellResult>
      </CheckTextResponse>
]]></token><ignoreCase>false</ignoreCase><useRegEx>false</useRegEx></con:configuration></con:assertion><con:assertion type="SOAP Fault Assertion" id="9a8051af-9d5c-40a7-9a9e-9a8157dae1fd" name="Not SOAP Fault"/><con:credentials><con:authType>No Authorization</con:authType></con:credentials><con:jmsConfig JMSDeliveryMode="PERSISTENT"/><con:jmsPropertyConfig/><con:wsaConfig mustUnderstand="NONE" version="200508"/><con:wsrmConfig version="1.2"/></con:request></con:config></con:testStep><con:testStep type="request" name="Request with multiple typos" id="68fd8126-8f6a-4a6c-a8ff-cd0638c2df19"><con:settings/><con:config xsi:type="con:RequestStep" xmlns:xsi="http://www.w3.org/2001/XMLSchema-instance"><con:interface>SpellServiceSoap</con:interface><con:operation>checkText</con:operation><con:request name="Request with multiple typos" id="8b3609a8-63bd-4086-87bf-914f41565320"><con:settings><con:setting id="com.eviware.soapui.impl.wsdl.WsdlRequest@request-headers">&lt;xml-fragment/></con:setting></con:settings><con:encoding>UTF-8</con:encoding><con:endpoint>http://speller.yandex.net/services/spellservice</con:endpoint><con:request><![CDATA[<soapenv:Envelope xmlns:soapenv="http://schemas.xmlsoap.org/soap/envelope/" xmlns:spel="http://speller.yandex.net/services/spellservice">
   <soapenv:Header/>
   <soapenv:Body>
      <spel:CheckTextRequest lang="en" options="0" format="plain">
         <spel:text>cak+is+a+lie</spel:text>
      </spel:CheckTextRequest>
   </soapenv:Body>
</soapenv:Envelope>]]></con:request><con:assertion type="SOAP Response" id="a5776eaa-82ab-4555-b8d4-aa66fc866d49"/><con:assertion type="Simple Contains" id="6e6ea8a0-aee4-4bef-a290-a07c2d7b9ad8" name="Contains"><con:configuration><token><![CDATA[<error code="1" pos="0" row="0" col="0" len="3">
               <word>cak</word>
               <s>cake</s>
               <s>cat</s>
               <s>car</s>
               <s>cock</s>
               <s>can</s>
            </error>
]]></token><ignoreCase>false</ignoreCase><useRegEx>false</useRegEx></con:configuration></con:assertion><con:assertion type="SOAP Fault Assertion" id="899f8415-5000-4118-b701-30f87102e0a9" name="Not SOAP Fault"/><con:credentials><con:authType>No Authorization</con:authType></con:credentials><con:jmsConfig JMSDeliveryMode="PERSISTENT"/><con:jmsPropertyConfig/><con:wsaConfig mustUnderstand="NONE" version="200508"/><con:wsrmConfig version="1.2"/></con:request></con:config></con:testStep><con:properties/></con:testCase><con:testCase id="ce80c5ff-e76b-4650-95b4-0fcc2baf799a" failOnError="true" failTestCaseOnErrors="true" keepSession="false" maxResults="0" name="Should be failed without text attribute" searchProperties="true"><con:settings/><con:testStep type="request" name="Request without text attribute" id="b5903613-8c54-46e7-8bb9-380172812ad3"><con:settings/><con:config xsi:type="con:RequestStep" xmlns:xsi="http://www.w3.org/2001/XMLSchema-instance"><con:interface>SpellServiceSoap</con:interface><con:operation>checkText</con:operation><con:request name="Request without text attribute" id="d178cb13-dcad-4519-b854-d374dd008c30"><con:settings><con:setting id="com.eviware.soapui.impl.wsdl.WsdlRequest@request-headers">&lt;xml-fragment/></con:setting></con:settings><con:encoding>UTF-8</con:encoding><con:endpoint>http://speller.yandex.net/services/spellservice</con:endpoint><con:request><![CDATA[<soapenv:Envelope xmlns:soapenv="http://schemas.xmlsoap.org/soap/envelope/" xmlns:spel="http://speller.yandex.net/services/spellservice">
   <soapenv:Header/>
   <soapenv:Body>
      <spel:CheckTextRequest lang="en" options="0" format="plain">
      </spel:CheckTextRequest>
   </soapenv:Body>
</soapenv:Envelope>]]></con:request><con:assertion type="Invalid HTTP Status Codes" id="b94cd23f-e91a-4505-a230-92b5c173d1df" name="Invalid HTTP Status Codes"><con:configuration><codes>200
500
100</codes></con:configuration></con:assertion><con:assertion type="Simple Contains" id="97c5c5b4-6952-45ba-bf48-0ca69e23ad7e" name="Contains"><con:configuration><token>SpellService: Invalid XML request: one 'text' element is required for 'checkText' method</token><ignoreCase>false</ignoreCase><useRegEx>false</useRegEx></con:configuration></con:assertion><con:assertion type="SOAP Fault Assertion" id="dac31229-483a-46ba-9c08-12ce575b1b50" name="Not SOAP Fault"/><con:credentials><con:authType>No Authorization</con:authType></con:credentials><con:jmsConfig JMSDeliveryMode="PERSISTENT"/><con:jmsPropertyConfig/><con:wsaConfig mustUnderstand="NONE" version="200508"/><con:wsrmConfig version="1.2"/></con:request></con:config></con:testStep><con:properties/></con:testCase><con:testCase id="d227f349-46fb-4240-9eb4-99ea340c7b4e" failOnError="true" failTestCaseOnErrors="true" keepSession="false" maxResults="0" name="Should process request without typos" searchProperties="true"><con:settings/><con:testStep type="request" name="Request without typos" id="856da16c-ace6-4bd0-9af0-cfff7908c5b3"><con:settings/><con:config xsi:type="con:RequestStep" xmlns:xsi="http://www.w3.org/2001/XMLSchema-instance"><con:interface>SpellServiceSoap</con:interface><con:operation>checkText</con:operation><con:request name="Request without typos" id="b8d6bc4d-33b3-43e5-ac3c-c242ce230e6b"><con:settings><con:setting id="com.eviware.soapui.impl.wsdl.WsdlRequest@request-headers">&lt;xml-fragment/></con:setting></con:settings><con:encoding>UTF-8</con:encoding><con:endpoint>http://speller.yandex.net/services/spellservice</con:endpoint><con:request><![CDATA[<soapenv:Envelope xmlns:soapenv="http://schemas.xmlsoap.org/soap/envelope/" xmlns:spel="http://speller.yandex.net/services/spellservice">
   <soapenv:Header/>
   <soapenv:Body>
      <spel:CheckTextRequest lang="en" options="0" format="plain">
         <spel:text>cake+is+a+lie</spel:text>
      </spel:CheckTextRequest>
   </soapenv:Body>
</soapenv:Envelope>]]></con:request><con:assertion type="SOAP Response" id="02ced80f-9b15-473d-bdae-d1bc9b4b7359"/><con:assertion type="SOAP Fault Assertion" id="00726c11-6d50-44e0-b63f-607b3308297a" name="Not SOAP Fault"/><con:assertion type="Simple Contains" id="4716525d-a432-4430-84c4-0f10b7557a8e" name="Contains"><con:configuration><token> &lt;CheckTextResponse xmlns="http://speller.yandex.net/services/spellservice">
         &lt;SpellResult/></token><ignoreCase>false</ignoreCase><useRegEx>false</useRegEx></con:configuration></con:assertion><con:assertion type="Simple Contains" id="6964573b-0cf5-46ce-9433-6f0ec15e2d7a"><con:configuration/></con:assertion><con:credentials><con:authType>No Authorization</con:authType></con:credentials><con:jmsConfig JMSDeliveryMode="PERSISTENT"/><con:jmsPropertyConfig/><con:wsaConfig mustUnderstand="NONE" version="200508"/><con:wsrmConfig version="1.2"/></con:request></con:config></con:testStep><con:properties/></con:testCase><con:testCase id="8ce28334-8ca6-4411-ae7e-99bd3033317f" failOnError="true" failTestCaseOnErrors="true" keepSession="false" maxResults="0" name="Should process capitalization typos" searchProperties="true"><con:settings/><con:testStep type="request" name="Request with capitalization typo" id="f6ee919d-1f10-4e38-8699-06451264d30b"><con:settings/><con:config xsi:type="con:RequestStep" xmlns:xsi="http://www.w3.org/2001/XMLSchema-instance"><con:interface>SpellServiceSoap</con:interface><con:operation>checkText</con:operation><con:request name="Request with capitalization typo" id="3ab3ee5e-18f9-4d67-9fa0-9ca143c8fee6"><con:settings><con:setting id="com.eviware.soapui.impl.wsdl.WsdlRequest@request-headers">&lt;xml-fragment/></con:setting></con:settings><con:encoding>UTF-8</con:encoding><con:endpoint>http://speller.yandex.net/services/spellservice</con:endpoint><con:request><![CDATA[<soapenv:Envelope xmlns:soapenv="http://schemas.xmlsoap.org/soap/envelope/" xmlns:spel="http://speller.yandex.net/services/spellservice">
   <soapenv:Header/>
   <soapenv:Body>
      <spel:CheckTextRequest lang="en" options="0" format="plain">
         <spel:text>Who killed laura Palmer?</spel:text>
      </spel:CheckTextRequest>
   </soapenv:Body>
</soapenv:Envelope>]]></con:request><con:assertion type="SOAP Response" id="479b20bd-4b82-424f-aff3-f722124ee769"/><con:assertion type="Simple Contains" id="aa66f525-176d-4150-84c2-38dc1c34c3f4" name="Contains"><con:configuration><token><![CDATA[            <error code="3" pos="11" row="0" col="11" len="5">
               <word>laura</word>
               <s>Laura</s>
            </error>
]]></token><ignoreCase>false</ignoreCase><useRegEx>false</useRegEx></con:configuration></con:assertion><con:assertion type="SOAP Fault Assertion" id="825bf230-330f-478b-8201-b247cc0cfd35" name="Not SOAP Fault"/><con:credentials><con:authType>No Authorization</con:authType></con:credentials><con:jmsConfig JMSDeliveryMode="PERSISTENT"/><con:jmsPropertyConfig/><con:wsaConfig mustUnderstand="NONE" version="200508"/><con:wsrmConfig version="1.2"/></con:request></con:config></con:testStep><con:properties/></con:testCase><con:testCase id="364feea8-42d2-4a79-a945-cb5680627669" failOnError="true" failTestCaseOnErrors="true" keepSession="false" maxResults="0" name="Should option `ignore capitalization typos` works" searchProperties="true"><con:settings/><con:testStep type="request" name="Request with capitalization typo and 512 option" id="82e84df4-3e87-4389-b8dc-c105ee55353b"><con:settings/><con:config xsi:type="con:RequestStep" xmlns:xsi="http://www.w3.org/2001/XMLSchema-instance"><con:interface>SpellServiceSoap</con:interface><con:operation>checkText</con:operation><con:request name="Request with capitalization typo and 512 option" id="475ab607-df34-4348-bb06-8be3d5518879"><con:settings><con:setting id="com.eviware.soapui.impl.wsdl.WsdlRequest@request-headers">&lt;xml-fragment/></con:setting></con:settings><con:encoding>UTF-8</con:encoding><con:endpoint>http://speller.yandex.net/services/spellservice</con:endpoint><con:request><![CDATA[<soapenv:Envelope xmlns:soapenv="http://schemas.xmlsoap.org/soap/envelope/" xmlns:spel="http://speller.yandex.net/services/spellservice">
   <soapenv:Header/>
   <soapenv:Body>
      <spel:CheckTextRequest lang="en" options="512" format="plain">
         <spel:text>Who killed laura Palmer?</spel:text>
      </spel:CheckTextRequest>
   </soapenv:Body>
</soapenv:Envelope>]]></con:request><con:assertion type="SOAP Response" id="8e66c7d9-8609-4651-a0d4-f8d8604efc57"/><con:assertion type="Simple Contains" id="35ac6cd5-d316-40c1-9a6a-ecc8186dbe69" name="Contains"><con:configuration><token>      &lt;CheckTextResponse xmlns="http://speller.yandex.net/services/spellservice">
         &lt;SpellResult/>
</token><ignoreCase>false</ignoreCase><useRegEx>false</useRegEx></con:configuration></con:assertion><con:assertion type="SOAP Fault Assertion" id="df2a992a-dd96-499e-a5cd-b8b9e2b99ca2" name="Not SOAP Fault"/><con:credentials><con:authType>No Authorization</con:authType></con:credentials><con:jmsConfig JMSDeliveryMode="PERSISTENT"/><con:jmsPropertyConfig/><con:wsaConfig mustUnderstand="NONE" version="200508"/><con:wsrmConfig version="1.2"/></con:request></con:config></con:testStep><con:properties/></con:testCase><con:testCase id="d2cf2ce8-6c53-4bd0-a6d8-3e160af03570" failOnError="true" failTestCaseOnErrors="true" keepSession="false" maxResults="0" name="Should process typos in multiple languages" searchProperties="true"><con:settings/><con:testStep type="request" name="Request with typos in multiple languages" id="71fe9a55-f85e-4102-ae32-a015eed25c22"><con:settings/><con:config xsi:type="con:RequestStep" xmlns:xsi="http://www.w3.org/2001/XMLSchema-instance"><con:interface>SpellServiceSoap</con:interface><con:operation>checkText</con:operation><con:request name="Request with typos in multiple languages" id="b8b359ed-d389-4895-b60f-360798144280"><con:settings><con:setting id="com.eviware.soapui.impl.wsdl.WsdlRequest@request-headers">&lt;xml-fragment/></con:setting></con:settings><con:encoding>UTF-8</con:encoding><con:endpoint>http://speller.yandex.net/services/spellservice</con:endpoint><con:request><![CDATA[<soapenv:Envelope xmlns:soapenv="http://schemas.xmlsoap.org/soap/envelope/" xmlns:spel="http://speller.yandex.net/services/spellservice">
   <soapenv:Header/>
   <soapenv:Body>
      <spel:CheckTextRequest lang="en, ru" options="0" format="plain">
         <spel:text>Who убл lura Palmer?</spel:text>
      </spel:CheckTextRequest>
   </soapenv:Body>
</soapenv:Envelope>]]></con:request><con:assertion type="SOAP Response" id="fac343a2-993a-4569-8a58-50204f4c2957"/><con:assertion type="Simple Contains" id="7f30a119-546f-42e0-9d10-6122451c730f" name="Contains"><con:configuration><token><![CDATA[            <error code="1" pos="4" row="0" col="4" len="3">
               <word>убл</word>
               <s>обл.</s>
               <s>ул.</s>
               <s>убил</s>
            </error>
            <error code="1" pos="8" row="0" col="8" len="4">
               <word>lura</word>
               <s>Laura</s>
               <s>Lara</s>
               <s>Lyra</s>
               <s>lure</s>
               <s>Luna</s>
            </error>
]]></token><ignoreCase>false</ignoreCase><useRegEx>false</useRegEx></con:configuration></con:assertion><con:assertion type="SOAP Fault Assertion" id="dfd411bb-cae5-4eac-9eaf-4e0ef5645bad" name="Not SOAP Fault"/><con:credentials><con:authType>No Authorization</con:authType></con:credentials><con:jmsConfig JMSDeliveryMode="PERSISTENT"/><con:jmsPropertyConfig/><con:wsaConfig mustUnderstand="NONE" version="200508"/><con:wsrmConfig version="1.2"/></con:request></con:config></con:testStep><con:properties/></con:testCase><con:testCase id="bb00cde6-cf8f-4dab-9532-2a51f8ac4fba" failOnError="true" failTestCaseOnErrors="true" keepSession="false" maxResults="0" name="Should ignore words with numbers" searchProperties="true"><con:settings/><con:testStep type="request" name="Request with ignore numbers option" id="05c177c5-0753-4637-b042-1742c2cad3b7"><con:settings/><con:config xsi:type="con:RequestStep" xmlns:xsi="http://www.w3.org/2001/XMLSchema-instance"><con:interface>SpellServiceSoap</con:interface><con:operation>checkText</con:operation><con:request name="Request with ignore numbers option" id="31044e35-cf46-4431-b585-4415b17106e8"><con:settings><con:setting id="com.eviware.soapui.impl.wsdl.WsdlRequest@request-headers">&lt;xml-fragment/></con:setting></con:settings><con:encoding>UTF-8</con:encoding><con:endpoint>http://speller.yandex.net/services/spellservice</con:endpoint><con:request><![CDATA[<soapenv:Envelope xmlns:soapenv="http://schemas.xmlsoap.org/soap/envelope/" xmlns:spel="http://speller.yandex.net/services/spellservice">
   <soapenv:Header/>
   <soapenv:Body>
      <spel:CheckTextRequest lang="en" options="2" format="plain">
         <spel:text>Do you like ja22?</spel:text>
      </spel:CheckTextRequest>
   </soapenv:Body>
</soapenv:Envelope>]]></con:request><con:assertion type="SOAP Response" id="9dea4ef1-bb38-4f10-ba9d-ffd8fcd9dcd6"/><con:credentials><con:authType>No Authorization</con:authType></con:credentials><con:jmsConfig JMSDeliveryMode="PERSISTENT"/><con:jmsPropertyConfig/><con:wsaConfig mustUnderstand="NONE" version="200508"/><con:wsrmConfig version="1.2"/></con:request></con:config></con:testStep><con:properties/></con:testCase><con:testCase id="12d46315-2ddb-4a55-8159-e2c182ab33a7" failOnError="true" failTestCaseOnErrors="true" keepSession="false" maxResults="0" name="Should options combination works" searchProperties="true"><con:settings/><con:testStep type="request" name="Request with ignore capitalization and mark repeated words option" id="4ec634e7-5c08-45ab-b99b-1f7df8ee0150"><con:settings/><con:config xsi:type="con:RequestStep" xmlns:xsi="http://www.w3.org/2001/XMLSchema-instance"><con:interface>SpellServiceSoap</con:interface><con:operation>checkText</con:operation><con:request name="Request with ignore capitalization and mark repeated words option" id="41678f0f-f3fc-4886-8831-a013da4bc082"><con:settings><con:setting id="com.eviware.soapui.impl.wsdl.WsdlRequest@request-headers">&lt;xml-fragment/></con:setting></con:settings><con:encoding>UTF-8</con:encoding><con:endpoint>http://speller.yandex.net/services/spellservice</con:endpoint><con:request><![CDATA[<soapenv:Envelope xmlns:soapenv="http://schemas.xmlsoap.org/soap/envelope/" xmlns:spel="http://speller.yandex.net/services/spellservice">
   <soapenv:Header/>
   <soapenv:Body>
      <spel:CheckTextRequest lang="en" options="520" format="plain">
         <spel:text>Who killed killed laura Palmer?</spel:text>
      </spel:CheckTextRequest>
   </soapenv:Body>
</soapenv:Envelope>]]></con:request><con:assertion type="SOAP Response" id="de148c9e-c2da-428f-a4b6-40cf2d4d395b"/><con:assertion type="Simple Contains" id="0ddb4e01-2417-42d2-baf1-4e382718c6c3" name="Contains"><con:configuration><token><![CDATA[      <CheckTextResponse xmlns="http://speller.yandex.net/services/spellservice">
         <SpellResult>
            <error code="2" pos="11" row="0" col="11" len="6">
               <word>killed</word>
            </error>
         </SpellResult>
      </CheckTextResponse>
]]></token><ignoreCase>false</ignoreCase><useRegEx>false</useRegEx></con:configuration></con:assertion><con:assertion type="SOAP Fault Assertion" id="50db9f9e-945a-4d00-a359-d2c3caeda540" name="Not SOAP Fault"/><con:credentials><con:authType>No Authorization</con:authType></con:credentials><con:jmsConfig JMSDeliveryMode="PERSISTENT"/><con:jmsPropertyConfig/><con:wsaConfig mustUnderstand="NONE" version="200508"/><con:wsrmConfig version="1.2"/></con:request></con:config></con:testStep><con:properties/></con:testCase><con:testCase id="33fe7a39-3a42-4b66-9cd1-d3257243ba7f" failOnError="true" failTestCaseOnErrors="true" keepSession="false" maxResults="0" name="Should process typos in few text fragments" searchProperties="true"><con:settings/><con:testStep type="request" name="Request with typos in few text fragments" id="ea5f9e40-2942-4ee8-ab24-d0129e129d51"><con:settings/><con:config xsi:type="con:RequestStep" xmlns:xsi="http://www.w3.org/2001/XMLSchema-instance"><con:interface>SpellServiceSoap</con:interface><con:operation>checkTexts</con:operation><con:request name="Request with typos in few text fragments" id="57c4c4a3-0ee5-4d57-abb1-02537072a3a3"><con:settings><con:setting id="com.eviware.soapui.impl.wsdl.WsdlRequest@request-headers">&lt;xml-fragment/></con:setting></con:settings><con:encoding>UTF-8</con:encoding><con:endpoint>http://speller.yandex.net/services/spellservice</con:endpoint><con:request><![CDATA[<soapenv:Envelope xmlns:soapenv="http://schemas.xmlsoap.org/soap/envelope/" xmlns:spel="http://speller.yandex.net/services/spellservice">
   <soapenv:Header/>
   <soapenv:Body>
      <spel:CheckTextsRequest lang="en" options="0" format="plain">
         <spel:text>Cke is a lie</spel:text>
         <spel:text>It's wednesdy my dudes</spel:text>
      </spel:CheckTextsRequest>
   </soapenv:Body>
</soapenv:Envelope>]]></con:request><con:assertion type="SOAP Response" id="d24bfa63-cbdc-47b8-a61a-06a666aff290"/><con:assertion type="Simple Contains" id="e650587d-871b-4ca8-8363-0521d2de4414" name="Contains"><con:configuration><token><![CDATA[         <ArrayOfSpellResult>
            <SpellResult>
               <error code="1" pos="0" row="0" col="0" len="3">
                  <word>Cke</word>
                  <s>Cake</s>
               </error>
            </SpellResult>
            <SpellResult>
               <error code="1" pos="5" row="0" col="5" len="8">
                  <word>wednesdy</word>
                  <s>Wednesday</s>
               </error>
            </SpellResult>]]></token><ignoreCase>false</ignoreCase><useRegEx>false</useRegEx></con:configuration></con:assertion><con:assertion type="SOAP Fault Assertion" id="94d5c749-66c0-44e3-9e68-5274b80b517f" name="Not SOAP Fault"/><con:credentials><con:authType>No Authorization</con:authType></con:credentials><con:jmsConfig JMSDeliveryMode="PERSISTENT"/><con:jmsPropertyConfig/><con:wsaConfig mustUnderstand="NONE" version="200508"/><con:wsrmConfig version="1.2"/></con:request></con:config></con:testStep><con:properties/></con:testCase><con:testCase id="8548017b-5fbc-4ff7-97d6-b674b35e7872" failOnError="true" failTestCaseOnErrors="true" keepSession="false" maxResults="0" name="Should be failed with int value in lang attribute" searchProperties="true"><con:settings/><con:testStep type="request" name="Request int in lang attribute" id="b49ae26a-04e8-44a4-9e59-304e0ade3beb"><con:settings/><con:config xsi:type="con:RequestStep" xmlns:xsi="http://www.w3.org/2001/XMLSchema-instance"><con:interface>SpellServiceSoap</con:interface><con:operation>checkText</con:operation><con:request name="Request int in lang attribute" id="8b3609a8-63bd-4086-87bf-914f41565320"><con:settings><con:setting id="com.eviware.soapui.impl.wsdl.WsdlRequest@request-headers">&lt;xml-fragment/></con:setting></con:settings><con:encoding>UTF-8</con:encoding><con:endpoint>http://speller.yandex.net/services/spellservice</con:endpoint><con:request><![CDATA[<soapenv:Envelope xmlns:soapenv="http://schemas.xmlsoap.org/soap/envelope/" xmlns:spel="http://speller.yandex.net/services/spellservice">
   <soapenv:Header/>
   <soapenv:Body>
      <spel:CheckTextRequest lang="1" options="0" format="plain">
         <spel:text>Cke is a lie</spel:text>
      </spel:CheckTextRequest>
   </soapenv:Body>
</soapenv:Envelope>]]></con:request><con:assertion type="SOAP Fault Assertion" id="9a8051af-9d5c-40a7-9a9e-9a8157dae1fd" name="Not SOAP Fault"/><con:assertion type="Invalid HTTP Status Codes" id="4c91be85-26bc-4a73-a877-fe5ffa3f917d" name="Invalid HTTP Status Codes"><con:configuration><codes>200</codes></con:configuration></con:assertion><con:assertion type="Simple Contains" id="347e8bc8-bd38-45d7-8db7-6bf33436582b" name="Contains"><con:configuration><token>SpellService: Invalid parameter 'lang'</token><ignoreCase>false</ignoreCase><useRegEx>false</useRegEx></con:configuration></con:assertion><con:assertion type="Simple Contains" id="9aaa3b09-652d-423a-8d42-c0077ad556b0"><con:configuration/></con:assertion><con:credentials><con:authType>No Authorization</con:authType></con:credentials><con:jmsConfig JMSDeliveryMode="PERSISTENT"/><con:jmsPropertyConfig/><con:wsaConfig mustUnderstand="NONE" version="200508"/><con:wsrmConfig version="1.2"/></con:request></con:config></con:testStep><con:properties/></con:testCase><con:properties/></con:testSuite><con:properties/><con:wssContainer/><con:oAuth2ProfileContainer/><con:oAuth1ProfileContainer/><con:sensitiveInformation/></con:soapui-project>